alsa-utils
apt-listbugs
arandr
awscli
bsdutils
ca-certificates
cntlm
cryptsetup
curl
dbus-x11
debianutils
default-jre
dialog
diffutils
dnsutils
dpkg
dpkg-dev
e2fsprogs
ethtool
evince
fdisk
file
findutils
geeqie
gimp
git-gui
gitk
gnome-keyring
gnome-keyring-pkcs11
grub-pc
gzip
hexchat
hostname
iftop
ifupdown
iproute2
iptables
iptables-persistent
iputils-ping
isc-dhcp-client
isc-dhcp-common
krb5-user
ldap-utils
libfile-find-rule-perl
libfuse2t64
libnumber-compare-perl
libsasl2-modules-gssapi-mit
libsasl2-modules-ldap
libtext-glob-perl
linux-headers-amd64
linux-image-amd64
locales
ltrace
man-db
mesa-utils
nano
net-tools
netcat-openbsd
nmap
nodm
otpclient
p7zip
pavucontrol
pdfarranger
pipx
procps
psutils
python-is-python3
python3-boto3
python3-numpy
python3-pip
qdirstat
rsync
smbclient
snapd
ssh-tools
sshfs
strace
sudo
synaptic
sysvinit-utils
tar
tcptraceroute
tigervnc-viewer
tofrodos
traceroute
unzip
upx-ucl
usbutils
usrmerge
util-linux
v4l-utils
vim
virtualbox-guest-utils
virtualbox-guest-x11
virtualenv
wget
whois
xfce4-notifyd
xfce4-panel
xfce4-pulseaudio-plugin
xfce4-session
xfce4-terminal
xfonts-utils
xfwm4
xsel
xserver-xorg-input-evdev
xserver-xorg-video-vmware
xterm
zerofree
